Building DAG of jobs...
Using shell: /bin/bash
Provided cores: 8
Rules claiming more threads will be scaled down.
Job counts:
	count	jobs
	1	align
	1	ancestral
	1	export
	1	filter
	1	refine
	1	traits
	1	translate
	1	tree
	8

[Sun May 10 11:37:08 2020]
Job 7: 
        Filtering to
          - excluding strains in config/dropped_strains.txt
        

[Sun May 10 11:37:09 2020]
Finished job 7.
1 of 8 steps (12%) done

[Sun May 10 11:37:09 2020]
Job 6: 
        Aligning sequences to config/reference.gb
          - filling gaps with N
        

[Sun May 10 11:37:52 2020]
Finished job 6.
2 of 8 steps (25%) done

[Sun May 10 11:37:52 2020]
Job 5: Building tree

[Sun May 10 11:37:54 2020]
Finished job 5.
3 of 8 steps (38%) done

[Sun May 10 11:37:54 2020]
Job 1: 
        Refining tree
          - estimate timetree
          - use opt coalescent timescale
          - estimate marginal node dates
          - filter tips more than 4 IQDs from clock expectation
        

[Sun May 10 11:39:45 2020]
Finished job 1.
4 of 8 steps (50%) done

[Sun May 10 11:39:45 2020]
Job 3: Reconstructing ancestral sequences and mutations


[Sun May 10 11:39:45 2020]
Job 2: Inferring ancestral traits for country state

[Sun May 10 11:39:50 2020]
Finished job 2.
5 of 8 steps (62%) done
[Sun May 10 11:39:51 2020]
Finished job 3.
6 of 8 steps (75%) done

[Sun May 10 11:39:51 2020]
Job 4: Translating amino acid sequences

[Sun May 10 11:39:54 2020]
Finished job 4.
7 of 8 steps (88%) done

[Sun May 10 11:39:54 2020]
Job 0: Exporting data files for for auspice

[Sun May 10 11:39:55 2020]
Finished job 0.
8 of 8 steps (100%) done
Complete log: /home/camposvet/workdir/nextstrain_course-master/.snakemake/log/2020-05-10T113708.881407.snakemake.log
