Building DAG of jobs...
Using shell: /bin/bash
Provided cores: 8
Rules claiming more threads will be scaled down.
Job counts:
	count	jobs
	1	align
	1	ancestral
	1	export
	1	filter
	1	refine
	1	traits
	1	translate
	1	tree
	8

[Mon May  4 23:21:04 2020]
Job 7: 
        Filtering to
          - excluding strains in config/dropped_strains.txt
        

[Mon May  4 23:21:05 2020]
Finished job 7.
1 of 8 steps (12%) done

[Mon May  4 23:21:05 2020]
Job 6: 
        Aligning sequences to config/reference.gb
          - filling gaps with N
        

[Mon May  4 23:21:48 2020]
Finished job 6.
2 of 8 steps (25%) done

[Mon May  4 23:21:48 2020]
Job 5: Building tree

[Mon May  4 23:21:50 2020]
Finished job 5.
3 of 8 steps (38%) done

[Mon May  4 23:21:50 2020]
Job 1: 
        Refining tree
          - estimate timetree
          - use opt coalescent timescale
          - estimate marginal node dates
          - filter tips more than 4 IQDs from clock expectation
        

[Mon May  4 23:21:53 2020]
Error in rule refine:
    jobid: 1
    output: results/tree.nwk, results/branch_lengths.json
    shell:
        
        augur refine             --tree results/tree_raw.nwk             --alignment results/aligned.fasta             --metadata data/metadata.tsv             --output-tree results/tree.nwk             --output-node-data results/branch_lengths.json             --timetree             --coalescent opt             --date-confidence             --clock-filter-iqd 4             --date-inference marginal
        
        (one of the commands exited with non-zero exit code; note that snakemake uses bash strict mode!)

Shutting down, this might take some time.
Exiting because a job execution failed. Look above for error message
Complete log: /home/camposvet/workdir/nextstrain_course-master/.snakemake/log/2020-05-04T232104.840790.snakemake.log
